<?xml version="1.0" encoding="UTF-8"?>
<!-- Generated by org.testng.reporters.JUnitReportReporter -->
<testsuite skipped="0" hostname="ELM-GUDAYAK" name="Test.JavaTest" tests="1" failures="0" timestamp="2020-05-07T22:15:31 IST" time="0.009" errors="0">
  <testcase name="mobileTest" time="0.009" classname="Test.JavaTest"/>
  <system-out/>
</testsuite> <!-- Test.JavaTest -->
